c:\users\tigro\onedrive\documents\xfmc\bin\win\win32\release\temp\vc140.pdb
c:\users\tigro\onedrive\documents\xfmc\bin\win\win32\release\temp\vnav.obj
c:\users\tigro\onedrive\documents\xfmc\bin\win\win32\release\temp\thrustlimit.obj
c:\users\tigro\onedrive\documents\xfmc\bin\win\win32\release\temp\terminalproc.obj
c:\users\tigro\onedrive\documents\xfmc\bin\win\win32\release\temp\stb_image_aug.obj
c:\users\tigro\onedrive\documents\xfmc\bin\win\win32\release\temp\sound.obj
c:\users\tigro\onedrive\documents\xfmc\bin\win\win32\release\temp\runways.obj
c:\users\tigro\onedrive\documents\xfmc\bin\win\win32\release\temp\route.obj
c:\users\tigro\onedrive\documents\xfmc\bin\win\win32\release\temp\radios.obj
c:\users\tigro\onedrive\documents\xfmc\bin\win\win32\release\temp\progress.obj
c:\users\tigro\onedrive\documents\xfmc\bin\win\win32\release\temp\plugins.obj
c:\users\tigro\onedrive\documents\xfmc\bin\win\win32\release\temp\performance.obj
c:\users\tigro\onedrive\documents\xfmc\bin\win\win32\release\temp\menu.obj
c:\users\tigro\onedrive\documents\xfmc\bin\win\win32\release\temp\legspage.obj
c:\users\tigro\onedrive\documents\xfmc\bin\win\win32\release\temp\hsi.obj
c:\users\tigro\onedrive\documents\xfmc\bin\win\win32\release\temp\hold.obj
c:\users\tigro\onedrive\documents\xfmc\bin\win\win32\release\temp\graphics.obj
c:\users\tigro\onedrive\documents\xfmc\bin\win\win32\release\temp\fmc.obj
c:\users\tigro\onedrive\documents\xfmc\bin\win\win32\release\temp\calculations.obj
c:\users\tigro\onedrive\documents\xfmc\bin\win\win32\release\temp\airplaneparameters.obj
c:\users\tigro\onedrive\documents\xfmc\bin\win\win32\release\win.ilk
c:\users\tigro\onedrive\documents\xfmc\bin\win\win32\release\win.xpl
c:\users\tigro\onedrive\documents\xfmc\bin\win\win32\release\win.pdb
c:\users\tigro\onedrive\documents\xfmc\bin\win\win32\release\win.lib
c:\users\tigro\onedrive\documents\xfmc\bin\win\win32\release\win.exp
d:\onedrive\documents\xfmc\bin\win\win32\release\temp\airplaneparameters.obj
d:\onedrive\documents\xfmc\bin\win\win32\release\temp\calculations.obj
d:\onedrive\documents\xfmc\bin\win\win32\release\temp\fmc.obj
d:\onedrive\documents\xfmc\bin\win\win32\release\temp\graphics.obj
d:\onedrive\documents\xfmc\bin\win\win32\release\temp\hold.obj
d:\onedrive\documents\xfmc\bin\win\win32\release\temp\hsi.obj
d:\onedrive\documents\xfmc\bin\win\win32\release\temp\legspage.obj
d:\onedrive\documents\xfmc\bin\win\win32\release\temp\menu.obj
d:\onedrive\documents\xfmc\bin\win\win32\release\temp\performance.obj
d:\onedrive\documents\xfmc\bin\win\win32\release\temp\plugins.obj
d:\onedrive\documents\xfmc\bin\win\win32\release\temp\progress.obj
d:\onedrive\documents\xfmc\bin\win\win32\release\temp\radios.obj
d:\onedrive\documents\xfmc\bin\win\win32\release\temp\route.obj
d:\onedrive\documents\xfmc\bin\win\win32\release\temp\runways.obj
d:\onedrive\documents\xfmc\bin\win\win32\release\temp\sound.obj
d:\onedrive\documents\xfmc\bin\win\win32\release\temp\stb_image_aug.obj
d:\onedrive\documents\xfmc\bin\win\win32\release\temp\terminalproc.obj
d:\onedrive\documents\xfmc\bin\win\win32\release\temp\thrustlimit.obj
d:\onedrive\documents\xfmc\bin\win\win32\release\temp\vnav.obj
d:\onedrive\documents\xfmc\bin\win\win32\release\temp\vc140.pdb
d:\onedrive\documents\xfmc\build\win\..\..\bin\win\win32\release\win.xpl
d:\onedrive\documents\xfmc\bin\win\win32\release\temp\x-fmc.tlog\cl.command.1.tlog
d:\onedrive\documents\xfmc\bin\win\win32\release\temp\x-fmc.tlog\cl.read.1.tlog
d:\onedrive\documents\xfmc\bin\win\win32\release\temp\x-fmc.tlog\cl.write.1.tlog
d:\onedrive\documents\xfmc\bin\win\win32\release\temp\x-fmc.tlog\link.command.1.tlog
d:\onedrive\documents\xfmc\bin\win\win32\release\temp\x-fmc.tlog\link.read.1.tlog
d:\onedrive\documents\xfmc\bin\win\win32\release\temp\x-fmc.tlog\link.write.1.tlog
d:\onedrive\documents\xfmc\bin\win\win32\release\temp\x-fmc.tlog\x-fmc.write.1u.tlog
