Build started 21-12-2013 20:05:52.
     1>Project "C:\Users\b\Dropbox\FMC\freetype-2.5.2\builds\windows\vc2010\freetype.vcxproj" on node 2 (Build target(s)).
     1>ClCompile:
         C:\Program Files (x86)\Microsoft Visual Studio 11.0\VC\bin\x86_amd64\CL.exe /c /I..\..\..\include /nologo /W4 /WX- /MP /O2 /Ob1 /D NDEBUG /D WIN32 /D _LIB /D _CRT_SECURE_NO_WARNINGS /D FT2_BUILD_LIBRARY /D _MBCS /GF /Gm- /EHsc /MT /GS /Gy /fp:precise /Za /Zc:wchar_t /Zc:forScope /Fo"x64\Release Singlethreaded\\" /Fd"x64\Release Singlethreaded\vc110.pdb" /Gd /TC /wd4001 /errorReport:prompt ..\..\..\src\autofit\autofit.c ..\..\..\src\bdf\bdf.c ..\..\..\src\cff\cff.c ..\..\..\src\base\ftbase.c ..\..\..\src\base\ftbitmap.c ..\..\..\src\cache\ftcache.c ..\..\..\src\base\ftfstype.c ..\..\..\src\base\ftgasp.c ..\..\..\src\base\ftglyph.c ..\..\..\src\gzip\ftgzip.c ..\..\..\src\base\ftinit.c ..\..\..\src\lzw\ftlzw.c ..\..\..\src\base\ftstroke.c ..\..\..\src\base\ftsystem.c ..\..\..\src\smooth\smooth.c ..\..\..\src\base\ftbbox.c ..\..\..\src\base\ftmm.c ..\..\..\src\base\ftpfr.c ..\..\..\src\base\ftsynth.c ..\..\..\src\base\fttype1.c ..\..\..\src\base\ftwinfnt.c ..\..\..\src\base\ftxf86.c ..\..\..\src\base\ftlcdfil.c ..\..\..\src\base\ftgxval.c ..\..\..\src\base\ftotval.c ..\..\..\src\base\ftpatent.c ..\..\..\src\pcf\pcf.c ..\..\..\src\pfr\pfr.c ..\..\..\src\psaux\psaux.c ..\..\..\src\pshinter\pshinter.c ..\..\..\src\psnames\psmodule.c ..\..\..\src\raster\raster.c ..\..\..\src\sfnt\sfnt.c ..\..\..\src\truetype\truetype.c ..\..\..\src\type1\type1.c ..\..\..\src\cid\type1cid.c ..\..\..\src\type42\type42.c ..\..\..\src\winfonts\winfnt.c
         autofit.c
         bdf.c
         cff.c
         ftbase.c
         ftbitmap.c
         ftcache.c
         ftfstype.c
         ftgasp.c
         ftglyph.c
         ftgzip.c
         ftinit.c
         ftlzw.c
         ftstroke.c
         ftsystem.c
         smooth.c
         ftbbox.c
         ftmm.c
     1>c:\users\b\dropbox\fmc\freetype-2.5.2\src\autofit\aflatin.c(554): warning C4701: potentially uninitialized local variable 'p_first' used
     1>c:\users\b\dropbox\fmc\freetype-2.5.2\src\autofit\aflatin.c(600): warning C4701: potentially uninitialized local variable 'p_last' used
         ftpfr.c
         ftsynth.c
         fttype1.c
         ftwinfnt.c
         ftxf86.c
         ftlcdfil.c
         ftgxval.c
         ftotval.c
         ftpatent.c
         pcf.c
         pfr.c
         psaux.c
         pshinter.c
         psmodule.c
         raster.c
         sfnt.c
         truetype.c
     1>c:\users\b\dropbox\fmc\freetype-2.5.2\src\truetype\ttgload.c(102): warning C4244: '=' : conversion from 'FT_Pos' to 'FT_Short', possible loss of data (..\..\..\src\truetype\truetype.c)
     1>c:\users\b\dropbox\fmc\freetype-2.5.2\src\sfnt\sfobjs.c(504): warning C4244: '=' : conversion from 'FT_ULong' to 'FT_Byte', possible loss of data (..\..\..\src\sfnt\sfnt.c)
     1>c:\users\b\dropbox\fmc\freetype-2.5.2\src\truetype\ttgload.c(108): warning C4244: '=' : conversion from 'FT_Pos' to 'FT_Short', possible loss of data (..\..\..\src\truetype\truetype.c)
     1>c:\users\b\dropbox\fmc\freetype-2.5.2\src\sfnt\sfobjs.c(505): warning C4244: '=' : conversion from 'int' to 'FT_Byte', possible loss of data (..\..\..\src\sfnt\sfnt.c)
     1>c:\users\b\dropbox\fmc\freetype-2.5.2\src\sfnt\sfobjs.c(506): warning C4244: '=' : conversion from 'FT_UInt' to 'FT_Byte', possible loss of data (..\..\..\src\sfnt\sfnt.c)
     1>c:\users\b\dropbox\fmc\freetype-2.5.2\src\sfnt\sfobjs.c(507): warning C4244: '=' : conversion from 'FT_UInt' to 'FT_Byte', possible loss of data (..\..\..\src\sfnt\sfnt.c)
     1>c:\users\b\dropbox\fmc\freetype-2.5.2\src\sfnt\sfobjs.c(508): warning C4244: '=' : conversion from 'FT_UInt' to 'FT_Byte', possible loss of data (..\..\..\src\sfnt\sfnt.c)
     1>c:\users\b\dropbox\fmc\freetype-2.5.2\src\sfnt\sfobjs.c(645): warning C4244: '=' : conversion from 'FT_ULong' to 'FT_Byte', possible loss of data (..\..\..\src\sfnt\sfnt.c)
     1>c:\users\b\dropbox\fmc\freetype-2.5.2\src\sfnt\sfobjs.c(646): warning C4244: '=' : conversion from 'FT_ULong' to 'FT_Byte', possible loss of data (..\..\..\src\sfnt\sfnt.c)
     1>c:\users\b\dropbox\fmc\freetype-2.5.2\src\sfnt\sfobjs.c(647): warning C4244: '=' : conversion from 'FT_ULong' to 'FT_Byte', possible loss of data (..\..\..\src\sfnt\sfnt.c)
     1>c:\users\b\dropbox\fmc\freetype-2.5.2\src\sfnt\sfobjs.c(648): warning C4244: '=' : conversion from 'FT_ULong' to 'FT_Byte', possible loss of data (..\..\..\src\sfnt\sfnt.c)
     1>c:\users\b\dropbox\fmc\freetype-2.5.2\src\sfnt\ttsbit.c(291): warning C4244: '=' : conversion from 'FT_UInt' to 'FT_UShort', possible loss of data (..\..\..\src\sfnt\sfnt.c)
     1>c:\users\b\dropbox\fmc\freetype-2.5.2\src\sfnt\ttsbit.c(292): warning C4244: '=' : conversion from 'FT_UInt' to 'FT_UShort', possible loss of data (..\..\..\src\sfnt\sfnt.c)
     1>c:\users\b\dropbox\fmc\freetype-2.5.2\src\sfnt\ttsbit.c(803): warning C4244: 'initializing' : conversion from 'FT_Short' to 'FT_Char', possible loss of data (..\..\..\src\sfnt\sfnt.c)
     1>c:\users\b\dropbox\fmc\freetype-2.5.2\src\sfnt\ttsbit.c(804): warning C4244: 'initializing' : conversion from 'FT_Short' to 'FT_Char', possible loss of data (..\..\..\src\sfnt\sfnt.c)
     1>c:\users\b\dropbox\fmc\freetype-2.5.2\src\sfnt\ttsbit.c(805): warning C4244: 'initializing' : conversion from 'FT_UShort' to 'FT_Byte', possible loss of data (..\..\..\src\sfnt\sfnt.c)
     1>c:\users\b\dropbox\fmc\freetype-2.5.2\src\sfnt\ttsbit.c(806): warning C4244: 'initializing' : conversion from 'FT_Short' to 'FT_Char', possible loss of data (..\..\..\src\sfnt\sfnt.c)
     1>c:\users\b\dropbox\fmc\freetype-2.5.2\src\sfnt\ttsbit.c(807): warning C4244: 'initializing' : conversion from 'FT_Short' to 'FT_Char', possible loss of data (..\..\..\src\sfnt\sfnt.c)
     1>c:\users\b\dropbox\fmc\freetype-2.5.2\src\sfnt\ttsbit.c(808): warning C4244: 'initializing' : conversion from 'FT_UShort' to 'FT_Byte', possible loss of data (..\..\..\src\sfnt\sfnt.c)
     1>c:\users\b\dropbox\fmc\freetype-2.5.2\src\sfnt\ttsbit.c(1352): warning C4244: '=' : conversion from 'FT_Int' to 'FT_Short', possible loss of data (..\..\..\src\sfnt\sfnt.c)
     1>c:\users\b\dropbox\fmc\freetype-2.5.2\src\sfnt\ttsbit.c(1353): warning C4244: '=' : conversion from 'int' to 'FT_Short', possible loss of data (..\..\..\src\sfnt\sfnt.c)
         type1.c
         type1cid.c
         type42.c
         winfnt.c
     1>c:\users\b\dropbox\fmc\freetype-2.5.2\src\sfnt\ttsbit.c(1033): warning C4701: potentially uninitialized local variable 'loader' used
     1>c:\users\b\dropbox\fmc\freetype-2.5.2\src\sfnt\ttsbit.c(1033): warning C4703: potentially uninitialized local pointer variable 'loader' used
         C:\Program Files (x86)\Microsoft Visual Studio 11.0\VC\bin\x86_amd64\CL.exe /c /I..\..\..\include /nologo /W4 /WX- /MP /O2 /Ob1 /D NDEBUG /D WIN32 /D _LIB /D _CRT_SECURE_NO_WARNINGS /D FT2_BUILD_LIBRARY /D _MBCS /GF /Gm- /EHsc /MT /GS /Gy /fp:precise /Zc:wchar_t /Zc:forScope /Fo"x64\Release Singlethreaded\\" /Fd"x64\Release Singlethreaded\vc110.pdb" /Gd /TC /wd4001 /errorReport:prompt ..\ftdebug.c
         ftdebug.c
       Lib:
         C:\Program Files (x86)\Microsoft Visual Studio 11.0\VC\bin\x86_amd64\Lib.exe /OUT:"C:\Users\b\Dropbox\FMC\freetype-2.5.2\builds\windows\vc2010\x64\Release Singlethreaded\freetype252ST.lib" /NOLOGO /MACHINE:X64 "x64\Release Singlethreaded\autofit.obj"
         "x64\Release Singlethreaded\bdf.obj"
         "x64\Release Singlethreaded\cff.obj"
         "x64\Release Singlethreaded\ftbase.obj"
         "x64\Release Singlethreaded\ftbitmap.obj"
         "x64\Release Singlethreaded\ftcache.obj"
         "x64\Release Singlethreaded\ftdebug.obj"
         "x64\Release Singlethreaded\ftfstype.obj"
         "x64\Release Singlethreaded\ftgasp.obj"
         "x64\Release Singlethreaded\ftglyph.obj"
         "x64\Release Singlethreaded\ftgzip.obj"
         "x64\Release Singlethreaded\ftinit.obj"
         "x64\Release Singlethreaded\ftlzw.obj"
         "x64\Release Singlethreaded\ftstroke.obj"
         "x64\Release Singlethreaded\ftsystem.obj"
         "x64\Release Singlethreaded\smooth.obj"
         "x64\Release Singlethreaded\ftbbox.obj"
         "x64\Release Singlethreaded\ftmm.obj"
         "x64\Release Singlethreaded\ftpfr.obj"
         "x64\Release Singlethreaded\ftsynth.obj"
         "x64\Release Singlethreaded\fttype1.obj"
         "x64\Release Singlethreaded\ftwinfnt.obj"
         "x64\Release Singlethreaded\ftxf86.obj"
         "x64\Release Singlethreaded\ftlcdfil.obj"
         "x64\Release Singlethreaded\ftgxval.obj"
         "x64\Release Singlethreaded\ftotval.obj"
         "x64\Release Singlethreaded\ftpatent.obj"
         "x64\Release Singlethreaded\pcf.obj"
         "x64\Release Singlethreaded\pfr.obj"
         "x64\Release Singlethreaded\psaux.obj"
         "x64\Release Singlethreaded\pshinter.obj"
         "x64\Release Singlethreaded\psmodule.obj"
         "x64\Release Singlethreaded\raster.obj"
         "x64\Release Singlethreaded\sfnt.obj"
         "x64\Release Singlethreaded\truetype.obj"
         "x64\Release Singlethreaded\type1.obj"
         "x64\Release Singlethreaded\type1cid.obj"
         "x64\Release Singlethreaded\type42.obj"
         "x64\Release Singlethreaded\winfnt.obj"
         freetype.vcxproj -> C:\Users\b\Dropbox\FMC\freetype-2.5.2\builds\windows\vc2010\x64\Release Singlethreaded\freetype252ST.lib
     1>Done Building Project "C:\Users\b\Dropbox\FMC\freetype-2.5.2\builds\windows\vc2010\freetype.vcxproj" (Build target(s)).

Build succeeded.

Time Elapsed 00:00:06.64
